
> landing-page@0.1.0 build
> next build --turbopack

node.exe :  ÔÜá 
Warning: Next.js 
inferred your 
workspace root, but it 
may not be correct.
En línea: 1 Carácter: 1
+ & "C:\nvm4w\nodejs/no
de.exe" "C:\Users\pc\Ap
pData\Roaming\npm/node_
mo ...
+ ~~~~~~~~~~~~~~~~~~~~~
~~~~~~~~~~~~~~~~~~~~~~~
~~~~~~~~~~~~~~~~~~~~~~~
~~
    + CategoryInfo     
         : 
NotSpecified:     ( 
ÔÜá Warning: N...n    
ot be correct.:Strin   
 g) [], RemoteExcepti  
  on
    + 
FullyQualifiedErro    
rId : NativeCommandE   
 rror
 
 We detected multiple 
lockfiles and selected 
the directory of C:\Use
rs\pc\package-lock.json
 as the root directory.
 To silence this 
warning, set 
`turbopack.root` in 
your Next.js config, 
or consider removing 
one of the lockfiles 
if it's not needed.
   See https://nextjs.o
rg/docs/app/api-referen
ce/config/next-config-j
s/turbopack#root-direct
ory for more 
information.
 Detected additional 
lockfiles: 
   * C:\Users\pc\Deskto
p\landing-page\package-
lock.json

   Ôû▓ Next.js 15.5.2 (Turbopack)

   Creating an optimized production build ...
 Ô£ô Finished writing to disk in 259ms
 Ô£ô Compiled successfully in 7.1s
   Linting and checking validity of types ...

./components/Portafolio.tsx
3:29  Warning: 'ArrowRight' is defined but never used.  @typescript-eslint/no-unused-vars
129:9  Warning: The 'typingWords' conditional could make the dependencies of useEffect Hook (at line 152) change on every render. Move it inside the useEffect callback. Alternatively, wrap the initialization of 'typingWords' in its own useMemo() Hook.  react-hooks/exhaustive-deps

info  - Need to disable some ESLint rules? Learn more here: https://nextjs.org/docs/app/api-reference/config/eslint#disabling-rules
   Collecting page data ...
   Generating static pages (0/5) ...
   Generating static pages (1/5) 
   Generating static pages (2/5) 
   Generating static pages (3/5) 
 Ô£ô Generating static pages (5/5)
   Finalizing page optimization ...
   Collecting build traces ...

Route (app)                         Size  First Load JS
Ôöî Ôùï /                            25.3 kB         139 kB
Ôö£ Ôùï /_not-found                      0 B         113 kB
Ôöö Ôùï /icon.png                        0 B            0 B
+ First Load JS shared by all     122 kB
  Ôö£ chunks/2d1a6000ffb0f19a.js   75.3 kB
  Ôö£ chunks/a9c368fcaab33400.js   20.4 kB
  Ôöö other shared chunks (total)  25.8 kB


Ôùï  (Static)  prerendered as static content

